TN:
SF:/Users/andzejmaciusovic/source/ng-validators/src/base64/index.ts
FN:2,__export
FNF:1
FNH:1
FNDA:2,__export
DA:2,1
DA:3,2
DA:5,1
DA:6,1
DA:7,1
LF:5
LH:5
BRDA:3,1,0,2
BRDA:3,1,1,0
BRF:2
BRH:1
end_of_record
TN:
SF:/Users/andzejmaciusovic/source/ng-validators/src/base64/directive.ts
FN:8,(anonymous_1)
FN:11,(anonymous_2)
FN:12,Base64Validator
FN:14,(anonymous_4)
FNF:4
FNH:1
FNDA:0,(anonymous_1)
FNDA:1,(anonymous_2)
FNDA:0,Base64Validator
FNDA:0,(anonymous_4)
DA:2,1
DA:3,1
DA:4,1
DA:5,1
DA:6,1
DA:8,0
DA:11,1
DA:12,1
DA:14,1
DA:15,0
DA:17,1
DA:23,1
DA:25,1
LF:13
LH:11
BRF:0
BRH:0
end_of_record
TN:
SF:/Users/andzejmaciusovic/source/ng-validators/src/base64/validator.ts
FN:5,(anonymous_1)
FNF:1
FNH:1
FNDA:2,(anonymous_1)
DA:2,1
DA:3,1
DA:4,1
DA:5,1
DA:6,2
DA:7,0
DA:9,2
DA:10,2
LF:8
LH:7
BRDA:6,1,0,0
BRDA:6,1,1,2
BRDA:10,2,0,1
BRDA:10,2,1,1
BRF:4
BRH:3
end_of_record
TN:
SF:/Users/andzejmaciusovic/source/ng-validators/src/util/lang.ts
FN:3,isPresent
FN:7,isDate
FNF:2
FNH:2
FNDA:92,isPresent
FNDA:30,isDate
DA:2,1
DA:3,1
DA:4,92
DA:6,1
DA:7,1
DA:8,30
DA:10,1
LF:7
LH:7
BRDA:4,1,0,92
BRDA:4,1,1,92
BRF:2
BRH:2
end_of_record
TN:
SF:/Users/andzejmaciusovic/source/ng-validators/src/credit-card/index.ts
FN:2,__export
FNF:1
FNH:1
FNDA:2,__export
DA:2,1
DA:3,2
DA:5,1
DA:6,1
DA:7,1
LF:5
LH:5
BRDA:3,1,0,2
BRDA:3,1,1,0
BRF:2
BRH:1
end_of_record
TN:
SF:/Users/andzejmaciusovic/source/ng-validators/src/credit-card/directive.ts
FN:8,(anonymous_1)
FN:11,(anonymous_2)
FN:12,CreditCardValidator
FN:14,(anonymous_4)
FNF:4
FNH:1
FNDA:0,(anonymous_1)
FNDA:1,(anonymous_2)
FNDA:0,CreditCardValidator
FNDA:0,(anonymous_4)
DA:2,1
DA:3,1
DA:4,1
DA:5,1
DA:6,1
DA:8,0
DA:11,1
DA:12,1
DA:14,1
DA:15,0
DA:17,1
DA:23,1
DA:25,1
LF:13
LH:11
BRF:0
BRH:0
end_of_record
TN:
SF:/Users/andzejmaciusovic/source/ng-validators/src/credit-card/validator.ts
FN:5,(anonymous_1)
FNF:1
FNH:1
FNDA:3,(anonymous_1)
DA:2,1
DA:3,1
DA:4,1
DA:5,1
DA:6,3
DA:7,0
DA:9,3
DA:10,3
DA:13,3
DA:14,2
DA:16,1
DA:17,1
DA:18,1
DA:19,1
DA:20,1
DA:21,15
DA:22,15
DA:23,15
DA:24,7
DA:25,7
DA:26,1
DA:29,6
DA:33,8
DA:35,15
DA:37,1
DA:38,1
DA:40,0
LF:27
LH:25
BRDA:6,1,0,0
BRDA:6,1,1,3
BRDA:13,2,0,2
BRDA:13,2,1,1
BRDA:23,3,0,7
BRDA:23,3,1,8
BRDA:25,4,0,1
BRDA:25,4,1,6
BRDA:37,5,0,1
BRDA:37,5,1,0
BRDA:37,6,0,1
BRDA:37,6,1,0
BRF:12
BRH:9
end_of_record
TN:
SF:/Users/andzejmaciusovic/source/ng-validators/src/date-ios/index.ts
FN:2,__export
FNF:1
FNH:1
FNDA:2,__export
DA:2,1
DA:3,2
DA:5,1
DA:6,1
DA:7,1
LF:5
LH:5
BRDA:3,1,0,2
BRDA:3,1,1,0
BRF:2
BRH:1
end_of_record
TN:
SF:/Users/andzejmaciusovic/source/ng-validators/src/date-ios/directive.ts
FN:8,(anonymous_1)
FN:11,(anonymous_2)
FN:12,DateISOValidator
FN:14,(anonymous_4)
FNF:4
FNH:1
FNDA:0,(anonymous_1)
FNDA:1,(anonymous_2)
FNDA:0,DateISOValidator
FNDA:0,(anonymous_4)
DA:2,1
DA:3,1
DA:4,1
DA:5,1
DA:6,1
DA:8,0
DA:11,1
DA:12,1
DA:14,1
DA:15,0
DA:17,1
DA:23,1
DA:25,1
LF:13
LH:11
BRF:0
BRH:0
end_of_record
TN:
SF:/Users/andzejmaciusovic/source/ng-validators/src/date-ios/validator.ts
FN:5,(anonymous_1)
FNF:1
FNH:1
FNDA:2,(anonymous_1)
DA:2,1
DA:3,1
DA:4,1
DA:5,1
DA:6,2
DA:7,0
DA:9,2
DA:10,2
LF:8
LH:7
BRDA:6,1,0,0
BRDA:6,1,1,2
BRDA:10,2,0,1
BRDA:10,2,1,1
BRF:4
BRH:3
end_of_record
TN:
SF:/Users/andzejmaciusovic/source/ng-validators/src/date/index.ts
FN:2,__export
FNF:1
FNH:1
FNDA:2,__export
DA:2,1
DA:3,2
DA:5,1
DA:6,1
DA:7,1
LF:5
LH:5
BRDA:3,1,0,2
BRDA:3,1,1,0
BRF:2
BRH:1
end_of_record
TN:
SF:/Users/andzejmaciusovic/source/ng-validators/src/date/directive.ts
FN:8,(anonymous_1)
FN:11,(anonymous_2)
FN:12,DateValidator
FN:14,(anonymous_4)
FNF:4
FNH:1
FNDA:0,(anonymous_1)
FNDA:1,(anonymous_2)
FNDA:0,DateValidator
FNDA:0,(anonymous_4)
DA:2,1
DA:3,1
DA:4,1
DA:5,1
DA:6,1
DA:8,0
DA:11,1
DA:12,1
DA:14,1
DA:15,0
DA:17,1
DA:23,1
DA:25,1
LF:13
LH:11
BRF:0
BRH:0
end_of_record
TN:
SF:/Users/andzejmaciusovic/source/ng-validators/src/date/validator.ts
FN:5,(anonymous_1)
FNF:1
FNH:1
FNDA:4,(anonymous_1)
DA:2,1
DA:3,1
DA:4,1
DA:5,1
DA:6,4
DA:7,0
DA:9,4
DA:10,4
LF:8
LH:7
BRDA:6,1,0,0
BRDA:6,1,1,4
BRDA:10,2,0,2
BRDA:10,2,1,2
BRF:4
BRH:3
end_of_record
TN:
SF:/Users/andzejmaciusovic/source/ng-validators/src/digits/index.ts
FN:2,__export
FNF:1
FNH:1
FNDA:2,__export
DA:2,1
DA:3,2
DA:5,1
DA:6,1
DA:7,1
LF:5
LH:5
BRDA:3,1,0,2
BRDA:3,1,1,0
BRF:2
BRH:1
end_of_record
TN:
SF:/Users/andzejmaciusovic/source/ng-validators/src/digits/directive.ts
FN:8,(anonymous_1)
FN:11,(anonymous_2)
FN:12,DigitsValidator
FN:14,(anonymous_4)
FNF:4
FNH:1
FNDA:0,(anonymous_1)
FNDA:1,(anonymous_2)
FNDA:0,DigitsValidator
FNDA:0,(anonymous_4)
DA:2,1
DA:3,1
DA:4,1
DA:5,1
DA:6,1
DA:8,0
DA:11,1
DA:12,1
DA:14,1
DA:15,0
DA:17,1
DA:23,1
DA:25,1
LF:13
LH:11
BRF:0
BRH:0
end_of_record
TN:
SF:/Users/andzejmaciusovic/source/ng-validators/src/digits/validator.ts
FN:5,(anonymous_1)
FNF:1
FNH:1
FNDA:4,(anonymous_1)
DA:2,1
DA:3,1
DA:4,1
DA:5,1
DA:6,4
DA:7,0
DA:9,4
DA:10,4
LF:8
LH:7
BRDA:6,1,0,0
BRDA:6,1,1,4
BRDA:10,2,0,2
BRDA:10,2,1,2
BRF:4
BRH:3
end_of_record
TN:
SF:/Users/andzejmaciusovic/source/ng-validators/src/email/index.ts
FN:2,__export
FNF:1
FNH:1
FNDA:2,__export
DA:2,1
DA:3,2
DA:5,1
DA:6,1
DA:7,1
LF:5
LH:5
BRDA:3,1,0,2
BRDA:3,1,1,0
BRF:2
BRH:1
end_of_record
TN:
SF:/Users/andzejmaciusovic/source/ng-validators/src/email/directive.ts
FN:8,(anonymous_1)
FN:11,(anonymous_2)
FN:12,EmailValidator
FN:14,(anonymous_4)
FNF:4
FNH:1
FNDA:0,(anonymous_1)
FNDA:1,(anonymous_2)
FNDA:0,EmailValidator
FNDA:0,(anonymous_4)
DA:2,1
DA:3,1
DA:4,1
DA:5,1
DA:6,1
DA:8,0
DA:11,1
DA:12,1
DA:14,1
DA:15,0
DA:17,1
DA:23,1
DA:25,1
LF:13
LH:11
BRF:0
BRH:0
end_of_record
TN:
SF:/Users/andzejmaciusovic/source/ng-validators/src/email/validator.ts
FN:5,(anonymous_1)
FNF:1
FNH:1
FNDA:3,(anonymous_1)
DA:2,1
DA:3,1
DA:4,1
DA:5,1
DA:6,3
DA:7,0
DA:9,3
DA:11,3
LF:8
LH:7
BRDA:6,1,0,0
BRDA:6,1,1,3
BRDA:11,2,0,1
BRDA:11,2,1,2
BRF:4
BRH:3
end_of_record
TN:
SF:/Users/andzejmaciusovic/source/ng-validators/src/equal-to/index.ts
FN:2,__export
FNF:1
FNH:1
FNDA:2,__export
DA:2,1
DA:3,2
DA:5,1
DA:6,1
DA:7,1
LF:5
LH:5
BRDA:3,1,0,2
BRDA:3,1,1,0
BRF:2
BRH:1
end_of_record
TN:
SF:/Users/andzejmaciusovic/source/ng-validators/src/equal-to/directive.ts
FN:8,(anonymous_1)
FN:11,(anonymous_2)
FN:12,EqualToValidator
FN:14,(anonymous_4)
FN:17,(anonymous_5)
FNF:5
FNH:1
FNDA:0,(anonymous_1)
FNDA:1,(anonymous_2)
FNDA:0,EqualToValidator
FNDA:0,(anonymous_4)
FNDA:0,(anonymous_5)
DA:2,1
DA:3,1
DA:4,1
DA:5,1
DA:6,1
DA:8,0
DA:11,1
DA:12,1
DA:14,1
DA:15,0
DA:17,1
DA:18,0
DA:20,1
DA:24,1
DA:30,1
DA:32,1
LF:16
LH:13
BRF:0
BRH:0
end_of_record
TN:
SF:/Users/andzejmaciusovic/source/ng-validators/src/equal-to/validator.ts
FN:3,(anonymous_1)
FN:5,(anonymous_2)
FN:8,(anonymous_3)
FNF:3
FNH:2
FNDA:2,(anonymous_1)
FNDA:2,(anonymous_2)
FNDA:0,(anonymous_3)
DA:2,1
DA:3,1
DA:4,2
DA:5,2
DA:6,2
DA:7,2
DA:8,2
DA:9,0
DA:12,2
DA:13,2
LF:10
LH:9
BRDA:6,1,0,2
BRDA:6,1,1,0
BRDA:13,2,0,1
BRDA:13,2,1,1
BRF:4
BRH:3
end_of_record
TN:
SF:/Users/andzejmaciusovic/source/ng-validators/src/equal/index.ts
FN:2,__export
FNF:1
FNH:1
FNDA:2,__export
DA:2,1
DA:3,2
DA:5,1
DA:6,1
DA:7,1
LF:5
LH:5
BRDA:3,1,0,2
BRDA:3,1,1,0
BRF:2
BRH:1
end_of_record
TN:
SF:/Users/andzejmaciusovic/source/ng-validators/src/equal/directive.ts
FN:8,(anonymous_1)
FN:11,(anonymous_2)
FN:12,EqualValidator
FN:14,(anonymous_4)
FN:17,(anonymous_5)
FN:27,(anonymous_6)
FN:30,(anonymous_7)
FNF:7
FNH:1
FNDA:0,(anonymous_1)
FNDA:1,(anonymous_2)
FNDA:0,EqualValidator
FNDA:0,(anonymous_4)
FNDA:0,(anonymous_5)
FNDA:0,(anonymous_6)
FNDA:0,(anonymous_7)
DA:2,1
DA:3,1
DA:4,1
DA:5,1
DA:6,1
DA:8,0
DA:11,1
DA:12,1
DA:14,1
DA:15,0
DA:17,1
DA:18,0
DA:19,0
DA:20,0
DA:21,0
DA:22,0
DA:27,1
DA:28,0
DA:30,1
DA:31,0
DA:33,1
DA:37,1
DA:43,1
DA:45,1
LF:24
LH:15
BRDA:19,1,0,0
BRDA:19,1,1,0
BRDA:21,2,0,0
BRDA:21,2,1,0
BRF:4
BRH:0
end_of_record
TN:
SF:/Users/andzejmaciusovic/source/ng-validators/src/equal/validator.ts
FN:5,(anonymous_1)
FN:6,(anonymous_2)
FNF:2
FNH:2
FNDA:2,(anonymous_1)
FNDA:2,(anonymous_2)
DA:2,1
DA:3,1
DA:4,1
DA:5,1
DA:6,2
DA:7,2
DA:8,0
DA:10,2
DA:11,2
LF:9
LH:8
BRDA:7,1,0,0
BRDA:7,1,1,2
BRDA:11,2,0,1
BRDA:11,2,1,1
BRF:4
BRH:3
end_of_record
TN:
SF:/Users/andzejmaciusovic/source/ng-validators/src/greater-than-equal/index.ts
FN:2,__export
FNF:1
FNH:1
FNDA:2,__export
DA:2,1
DA:3,2
DA:5,1
DA:6,1
DA:7,1
LF:5
LH:5
BRDA:3,1,0,2
BRDA:3,1,1,0
BRF:2
BRH:1
end_of_record
TN:
SF:/Users/andzejmaciusovic/source/ng-validators/src/greater-than-equal/directive.ts
FN:8,(anonymous_1)
FN:11,(anonymous_2)
FN:12,GreaterThanEqualValidator
FN:14,(anonymous_4)
FN:17,(anonymous_5)
FN:27,(anonymous_6)
FN:30,(anonymous_7)
FNF:7
FNH:1
FNDA:0,(anonymous_1)
FNDA:1,(anonymous_2)
FNDA:0,GreaterThanEqualValidator
FNDA:0,(anonymous_4)
FNDA:0,(anonymous_5)
FNDA:0,(anonymous_6)
FNDA:0,(anonymous_7)
DA:2,1
DA:3,1
DA:4,1
DA:5,1
DA:6,1
DA:8,0
DA:11,1
DA:12,1
DA:14,1
DA:15,0
DA:17,1
DA:18,0
DA:19,0
DA:20,0
DA:21,0
DA:22,0
DA:27,1
DA:28,0
DA:30,1
DA:31,0
DA:33,1
DA:37,1
DA:43,1
DA:45,1
LF:24
LH:15
BRDA:19,1,0,0
BRDA:19,1,1,0
BRDA:21,2,0,0
BRDA:21,2,1,0
BRF:4
BRH:0
end_of_record
TN:
SF:/Users/andzejmaciusovic/source/ng-validators/src/greater-than-equal/validator.ts
FN:5,(anonymous_1)
FN:6,(anonymous_2)
FNF:2
FNH:2
FNDA:3,(anonymous_1)
FNDA:3,(anonymous_2)
DA:2,1
DA:3,1
DA:4,1
DA:5,1
DA:6,3
DA:7,3
DA:8,0
DA:10,3
DA:11,0
DA:13,3
DA:14,3
LF:11
LH:9
BRDA:7,1,0,0
BRDA:7,1,1,3
BRDA:10,2,0,0
BRDA:10,2,1,3
BRDA:14,3,0,2
BRDA:14,3,1,1
BRF:6
BRH:4
end_of_record
TN:
SF:/Users/andzejmaciusovic/source/ng-validators/src/greater-than/index.ts
FN:2,__export
FNF:1
FNH:1
FNDA:2,__export
DA:2,1
DA:3,2
DA:5,1
DA:6,1
DA:7,1
LF:5
LH:5
BRDA:3,1,0,2
BRDA:3,1,1,0
BRF:2
BRH:1
end_of_record
TN:
SF:/Users/andzejmaciusovic/source/ng-validators/src/greater-than/directive.ts
FN:8,(anonymous_1)
FN:11,(anonymous_2)
FN:12,GreaterThanValidator
FN:14,(anonymous_4)
FN:17,(anonymous_5)
FN:27,(anonymous_6)
FN:30,(anonymous_7)
FNF:7
FNH:1
FNDA:0,(anonymous_1)
FNDA:1,(anonymous_2)
FNDA:0,GreaterThanValidator
FNDA:0,(anonymous_4)
FNDA:0,(anonymous_5)
FNDA:0,(anonymous_6)
FNDA:0,(anonymous_7)
DA:2,1
DA:3,1
DA:4,1
DA:5,1
DA:6,1
DA:8,0
DA:11,1
DA:12,1
DA:14,1
DA:15,0
DA:17,1
DA:18,0
DA:19,0
DA:20,0
DA:21,0
DA:22,0
DA:27,1
DA:28,0
DA:30,1
DA:31,0
DA:33,1
DA:37,1
DA:43,1
DA:45,1
LF:24
LH:15
BRDA:19,1,0,0
BRDA:19,1,1,0
BRDA:21,2,0,0
BRDA:21,2,1,0
BRF:4
BRH:0
end_of_record
TN:
SF:/Users/andzejmaciusovic/source/ng-validators/src/greater-than/validator.ts
FN:5,(anonymous_1)
FN:6,(anonymous_2)
FNF:2
FNH:2
FNDA:2,(anonymous_1)
FNDA:2,(anonymous_2)
DA:2,1
DA:3,1
DA:4,1
DA:5,1
DA:6,2
DA:7,2
DA:8,0
DA:10,2
DA:11,0
DA:13,2
DA:14,2
LF:11
LH:9
BRDA:7,1,0,0
BRDA:7,1,1,2
BRDA:10,2,0,0
BRDA:10,2,1,2
BRDA:14,3,0,1
BRDA:14,3,1,1
BRF:6
BRH:4
end_of_record
TN:
SF:/Users/andzejmaciusovic/source/ng-validators/src/json/index.ts
FN:2,__export
FNF:1
FNH:1
FNDA:2,__export
DA:2,1
DA:3,2
DA:5,1
DA:6,1
DA:7,1
LF:5
LH:5
BRDA:3,1,0,2
BRDA:3,1,1,0
BRF:2
BRH:1
end_of_record
TN:
SF:/Users/andzejmaciusovic/source/ng-validators/src/json/directive.ts
FN:8,(anonymous_1)
FN:11,(anonymous_2)
FN:12,JSONValidator
FN:14,(anonymous_4)
FNF:4
FNH:1
FNDA:0,(anonymous_1)
FNDA:1,(anonymous_2)
FNDA:0,JSONValidator
FNDA:0,(anonymous_4)
DA:2,1
DA:3,1
DA:4,1
DA:5,1
DA:6,1
DA:8,0
DA:11,1
DA:12,1
DA:14,1
DA:15,0
DA:17,1
DA:23,1
DA:25,1
LF:13
LH:11
BRF:0
BRH:0
end_of_record
TN:
SF:/Users/andzejmaciusovic/source/ng-validators/src/json/validator.ts
FN:5,(anonymous_1)
FNF:1
FNH:1
FNDA:2,(anonymous_1)
DA:2,1
DA:3,1
DA:4,1
DA:5,1
DA:6,2
DA:7,0
DA:9,2
DA:10,2
DA:11,2
DA:12,1
DA:13,1
DA:18,1
LF:12
LH:11
BRDA:6,1,0,0
BRDA:6,1,1,2
BRDA:12,2,0,1
BRDA:12,2,1,0
BRDA:12,3,0,1
BRDA:12,3,1,1
BRF:6
BRH:4
end_of_record
TN:
SF:/Users/andzejmaciusovic/source/ng-validators/src/less-than-equal/index.ts
FN:2,__export
FNF:1
FNH:1
FNDA:2,__export
DA:2,1
DA:3,2
DA:5,1
DA:6,1
DA:7,1
LF:5
LH:5
BRDA:3,1,0,2
BRDA:3,1,1,0
BRF:2
BRH:1
end_of_record
TN:
SF:/Users/andzejmaciusovic/source/ng-validators/src/less-than-equal/directive.ts
FN:8,(anonymous_1)
FN:11,(anonymous_2)
FN:12,LessThanEqualValidator
FN:14,(anonymous_4)
FN:17,(anonymous_5)
FN:27,(anonymous_6)
FN:30,(anonymous_7)
FNF:7
FNH:1
FNDA:0,(anonymous_1)
FNDA:1,(anonymous_2)
FNDA:0,LessThanEqualValidator
FNDA:0,(anonymous_4)
FNDA:0,(anonymous_5)
FNDA:0,(anonymous_6)
FNDA:0,(anonymous_7)
DA:2,1
DA:3,1
DA:4,1
DA:5,1
DA:6,1
DA:8,0
DA:11,1
DA:12,1
DA:14,1
DA:15,0
DA:17,1
DA:18,0
DA:19,0
DA:20,0
DA:21,0
DA:22,0
DA:27,1
DA:28,0
DA:30,1
DA:31,0
DA:33,1
DA:37,1
DA:43,1
DA:45,1
LF:24
LH:15
BRDA:19,1,0,0
BRDA:19,1,1,0
BRDA:21,2,0,0
BRDA:21,2,1,0
BRF:4
BRH:0
end_of_record
TN:
SF:/Users/andzejmaciusovic/source/ng-validators/src/less-than-equal/validator.ts
FN:5,(anonymous_1)
FN:6,(anonymous_2)
FNF:2
FNH:2
FNDA:3,(anonymous_1)
FNDA:3,(anonymous_2)
DA:2,1
DA:3,1
DA:4,1
DA:5,1
DA:6,3
DA:7,3
DA:8,0
DA:10,3
DA:11,0
DA:13,3
DA:14,3
LF:11
LH:9
BRDA:7,1,0,0
BRDA:7,1,1,3
BRDA:10,2,0,0
BRDA:10,2,1,3
BRDA:14,3,0,2
BRDA:14,3,1,1
BRF:6
BRH:4
end_of_record
TN:
SF:/Users/andzejmaciusovic/source/ng-validators/src/less-than/index.ts
FN:2,__export
FNF:1
FNH:1
FNDA:2,__export
DA:2,1
DA:3,2
DA:5,1
DA:6,1
DA:7,1
LF:5
LH:5
BRDA:3,1,0,2
BRDA:3,1,1,0
BRF:2
BRH:1
end_of_record
TN:
SF:/Users/andzejmaciusovic/source/ng-validators/src/less-than/directive.ts
FN:8,(anonymous_1)
FN:11,(anonymous_2)
FN:12,LessThanValidator
FN:14,(anonymous_4)
FN:17,(anonymous_5)
FN:27,(anonymous_6)
FN:30,(anonymous_7)
FNF:7
FNH:1
FNDA:0,(anonymous_1)
FNDA:1,(anonymous_2)
FNDA:0,LessThanValidator
FNDA:0,(anonymous_4)
FNDA:0,(anonymous_5)
FNDA:0,(anonymous_6)
FNDA:0,(anonymous_7)
DA:2,1
DA:3,1
DA:4,1
DA:5,1
DA:6,1
DA:8,0
DA:11,1
DA:12,1
DA:14,1
DA:15,0
DA:17,1
DA:18,0
DA:19,0
DA:20,0
DA:21,0
DA:22,0
DA:27,1
DA:28,0
DA:30,1
DA:31,0
DA:33,1
DA:37,1
DA:43,1
DA:45,1
LF:24
LH:15
BRDA:19,1,0,0
BRDA:19,1,1,0
BRDA:21,2,0,0
BRDA:21,2,1,0
BRF:4
BRH:0
end_of_record
TN:
SF:/Users/andzejmaciusovic/source/ng-validators/src/less-than/validator.ts
FN:5,(anonymous_1)
FN:6,(anonymous_2)
FNF:2
FNH:2
FNDA:2,(anonymous_1)
FNDA:2,(anonymous_2)
DA:2,1
DA:3,1
DA:4,1
DA:5,1
DA:6,2
DA:7,2
DA:8,0
DA:10,2
DA:11,0
DA:13,2
DA:14,2
LF:11
LH:9
BRDA:7,1,0,0
BRDA:7,1,1,2
BRDA:10,2,0,0
BRDA:10,2,1,2
BRDA:14,3,0,1
BRDA:14,3,1,1
BRF:6
BRH:4
end_of_record
TN:
SF:/Users/andzejmaciusovic/source/ng-validators/src/max-date/index.ts
FN:2,__export
FNF:1
FNH:1
FNDA:2,__export
DA:2,1
DA:3,2
DA:5,1
DA:6,1
DA:7,1
LF:5
LH:5
BRDA:3,1,0,2
BRDA:3,1,1,0
BRF:2
BRH:1
end_of_record
TN:
SF:/Users/andzejmaciusovic/source/ng-validators/src/max-date/directive.ts
FN:8,(anonymous_1)
FN:11,(anonymous_2)
FN:12,MaxDateValidator
FN:14,(anonymous_4)
FN:17,(anonymous_5)
FN:27,(anonymous_6)
FN:30,(anonymous_7)
FNF:7
FNH:1
FNDA:0,(anonymous_1)
FNDA:1,(anonymous_2)
FNDA:0,MaxDateValidator
FNDA:0,(anonymous_4)
FNDA:0,(anonymous_5)
FNDA:0,(anonymous_6)
FNDA:0,(anonymous_7)
DA:2,1
DA:3,1
DA:4,1
DA:5,1
DA:6,1
DA:8,0
DA:11,1
DA:12,1
DA:14,1
DA:15,0
DA:17,1
DA:18,0
DA:19,0
DA:20,0
DA:21,0
DA:22,0
DA:27,1
DA:28,0
DA:30,1
DA:31,0
DA:33,1
DA:37,1
DA:43,1
DA:45,1
LF:24
LH:15
BRDA:19,1,0,0
BRDA:19,1,1,0
BRDA:21,2,0,0
BRDA:21,2,1,0
BRF:4
BRH:0
end_of_record
TN:
SF:/Users/andzejmaciusovic/source/ng-validators/src/max-date/validator.ts
FN:5,(anonymous_1)
FN:12,(anonymous_2)
FN:15,(anonymous_3)
FNF:3
FNH:2
FNDA:7,(anonymous_1)
FNDA:7,(anonymous_2)
FNDA:0,(anonymous_3)
DA:2,1
DA:3,1
DA:4,1
DA:5,1
DA:6,7
DA:7,7
DA:8,7
DA:9,7
DA:10,0
DA:12,7
DA:13,7
DA:14,0
DA:15,0
DA:16,0
DA:19,7
DA:20,1
DA:22,6
DA:23,6
DA:24,0
DA:28,6
DA:29,2
DA:31,6
DA:32,0
DA:34,6
LF:24
LH:18
BRDA:9,1,0,0
BRDA:9,1,1,7
BRDA:9,2,0,7
BRDA:9,2,1,7
BRDA:9,2,2,2
BRDA:13,3,0,0
BRDA:13,3,1,7
BRDA:13,4,0,7
BRDA:13,4,1,0
BRDA:19,5,0,1
BRDA:19,5,1,6
BRDA:23,6,0,0
BRDA:23,6,1,6
BRDA:28,7,0,2
BRDA:28,7,1,4
BRDA:31,8,0,0
BRDA:31,8,1,6
BRDA:34,9,0,3
BRDA:34,9,1,3
BRF:19
BRH:14
end_of_record
TN:
SF:/Users/andzejmaciusovic/source/ng-validators/src/max/index.ts
FN:2,__export
FNF:1
FNH:1
FNDA:2,__export
DA:2,1
DA:3,2
DA:5,1
DA:6,1
DA:7,1
LF:5
LH:5
BRDA:3,1,0,2
BRDA:3,1,1,0
BRF:2
BRH:1
end_of_record
TN:
SF:/Users/andzejmaciusovic/source/ng-validators/src/max/directive.ts
FN:8,(anonymous_1)
FN:11,(anonymous_2)
FN:12,MaxValidator
FN:14,(anonymous_4)
FN:17,(anonymous_5)
FN:27,(anonymous_6)
FN:30,(anonymous_7)
FNF:7
FNH:1
FNDA:0,(anonymous_1)
FNDA:1,(anonymous_2)
FNDA:0,MaxValidator
FNDA:0,(anonymous_4)
FNDA:0,(anonymous_5)
FNDA:0,(anonymous_6)
FNDA:0,(anonymous_7)
DA:2,1
DA:3,1
DA:4,1
DA:5,1
DA:6,1
DA:8,0
DA:11,1
DA:12,1
DA:14,1
DA:15,0
DA:17,1
DA:18,0
DA:19,0
DA:20,0
DA:21,0
DA:22,0
DA:27,1
DA:28,0
DA:30,1
DA:31,0
DA:33,1
DA:37,1
DA:43,1
DA:45,1
LF:24
LH:15
BRDA:19,1,0,0
BRDA:19,1,1,0
BRDA:21,2,0,0
BRDA:21,2,1,0
BRF:4
BRH:0
end_of_record
TN:
SF:/Users/andzejmaciusovic/source/ng-validators/src/max/validator.ts
FN:5,(anonymous_1)
FN:6,(anonymous_2)
FNF:2
FNH:2
FNDA:3,(anonymous_1)
FNDA:3,(anonymous_2)
DA:2,1
DA:3,1
DA:4,1
DA:5,1
DA:6,3
DA:7,3
DA:8,0
DA:10,3
DA:11,0
DA:13,3
DA:14,3
LF:11
LH:9
BRDA:7,1,0,0
BRDA:7,1,1,3
BRDA:10,2,0,0
BRDA:10,2,1,3
BRDA:14,3,0,1
BRDA:14,3,1,2
BRF:6
BRH:4
end_of_record
TN:
SF:/Users/andzejmaciusovic/source/ng-validators/src/min-date/index.ts
FN:2,__export
FNF:1
FNH:1
FNDA:2,__export
DA:2,1
DA:3,2
DA:5,1
DA:6,1
DA:7,1
LF:5
LH:5
BRDA:3,1,0,2
BRDA:3,1,1,0
BRF:2
BRH:1
end_of_record
TN:
SF:/Users/andzejmaciusovic/source/ng-validators/src/min-date/directive.ts
FN:8,(anonymous_1)
FN:11,(anonymous_2)
FN:12,MinDateValidator
FN:14,(anonymous_4)
FN:17,(anonymous_5)
FN:27,(anonymous_6)
FN:30,(anonymous_7)
FNF:7
FNH:1
FNDA:0,(anonymous_1)
FNDA:1,(anonymous_2)
FNDA:0,MinDateValidator
FNDA:0,(anonymous_4)
FNDA:0,(anonymous_5)
FNDA:0,(anonymous_6)
FNDA:0,(anonymous_7)
DA:2,1
DA:3,1
DA:4,1
DA:5,1
DA:6,1
DA:8,0
DA:11,1
DA:12,1
DA:14,1
DA:15,0
DA:17,1
DA:18,0
DA:19,0
DA:20,0
DA:21,0
DA:22,0
DA:27,1
DA:28,0
DA:30,1
DA:31,0
DA:33,1
DA:37,1
DA:43,1
DA:45,1
LF:24
LH:15
BRDA:19,1,0,0
BRDA:19,1,1,0
BRDA:21,2,0,0
BRDA:21,2,1,0
BRF:4
BRH:0
end_of_record
TN:
SF:/Users/andzejmaciusovic/source/ng-validators/src/min-date/validator.ts
FN:5,(anonymous_1)
FN:12,(anonymous_2)
FN:15,(anonymous_3)
FNF:3
FNH:2
FNDA:7,(anonymous_1)
FNDA:7,(anonymous_2)
FNDA:0,(anonymous_3)
DA:2,1
DA:3,1
DA:4,1
DA:5,1
DA:6,7
DA:7,7
DA:8,7
DA:9,7
DA:10,0
DA:12,7
DA:13,7
DA:14,0
DA:15,0
DA:16,0
DA:19,7
DA:20,1
DA:22,6
DA:23,6
DA:24,0
DA:26,6
DA:27,0
DA:29,6
DA:30,0
DA:32,6
LF:24
LH:17
BRDA:9,1,0,0
BRDA:9,1,1,7
BRDA:9,2,0,7
BRDA:9,2,1,7
BRDA:9,2,2,0
BRDA:13,3,0,0
BRDA:13,3,1,7
BRDA:13,4,0,7
BRDA:13,4,1,0
BRDA:19,5,0,1
BRDA:19,5,1,6
BRDA:23,6,0,0
BRDA:23,6,1,6
BRDA:26,7,0,0
BRDA:26,7,1,6
BRDA:29,8,0,0
BRDA:29,8,1,6
BRDA:32,9,0,3
BRDA:32,9,1,3
BRF:19
BRH:12
end_of_record
TN:
SF:/Users/andzejmaciusovic/source/ng-validators/src/min/index.ts
FN:2,__export
FNF:1
FNH:1
FNDA:2,__export
DA:2,1
DA:3,2
DA:5,1
DA:6,1
DA:7,1
LF:5
LH:5
BRDA:3,1,0,2
BRDA:3,1,1,0
BRF:2
BRH:1
end_of_record
TN:
SF:/Users/andzejmaciusovic/source/ng-validators/src/min/directive.ts
FN:8,(anonymous_1)
FN:11,(anonymous_2)
FN:12,MinValidator
FN:14,(anonymous_4)
FN:17,(anonymous_5)
FN:27,(anonymous_6)
FN:30,(anonymous_7)
FNF:7
FNH:1
FNDA:0,(anonymous_1)
FNDA:1,(anonymous_2)
FNDA:0,MinValidator
FNDA:0,(anonymous_4)
FNDA:0,(anonymous_5)
FNDA:0,(anonymous_6)
FNDA:0,(anonymous_7)
DA:2,1
DA:3,1
DA:4,1
DA:5,1
DA:6,1
DA:8,0
DA:11,1
DA:12,1
DA:14,1
DA:15,0
DA:17,1
DA:18,0
DA:19,0
DA:20,0
DA:21,0
DA:22,0
DA:27,1
DA:28,0
DA:30,1
DA:31,0
DA:33,1
DA:37,1
DA:43,1
DA:45,1
LF:24
LH:15
BRDA:19,1,0,0
BRDA:19,1,1,0
BRDA:21,2,0,0
BRDA:21,2,1,0
BRF:4
BRH:0
end_of_record
TN:
SF:/Users/andzejmaciusovic/source/ng-validators/src/min/validator.ts
FN:5,(anonymous_1)
FN:6,(anonymous_2)
FNF:2
FNH:2
FNDA:2,(anonymous_1)
FNDA:2,(anonymous_2)
DA:2,1
DA:3,1
DA:4,1
DA:5,1
DA:6,2
DA:7,2
DA:8,0
DA:10,2
DA:11,0
DA:13,2
DA:14,2
LF:11
LH:9
BRDA:7,1,0,0
BRDA:7,1,1,2
BRDA:10,2,0,0
BRDA:10,2,1,2
BRDA:14,3,0,1
BRDA:14,3,1,1
BRF:6
BRH:4
end_of_record
TN:
SF:/Users/andzejmaciusovic/source/ng-validators/src/not-equal-to/index.ts
FN:2,__export
FNF:1
FNH:1
FNDA:2,__export
DA:2,1
DA:3,2
DA:5,1
DA:6,1
DA:7,1
LF:5
LH:5
BRDA:3,1,0,2
BRDA:3,1,1,0
BRF:2
BRH:1
end_of_record
TN:
SF:/Users/andzejmaciusovic/source/ng-validators/src/not-equal-to/directive.ts
FN:8,(anonymous_1)
FN:11,(anonymous_2)
FN:12,NotEqualToValidator
FN:14,(anonymous_4)
FN:17,(anonymous_5)
FNF:5
FNH:1
FNDA:0,(anonymous_1)
FNDA:1,(anonymous_2)
FNDA:0,NotEqualToValidator
FNDA:0,(anonymous_4)
FNDA:0,(anonymous_5)
DA:2,1
DA:3,1
DA:4,1
DA:5,1
DA:6,1
DA:8,0
DA:11,1
DA:12,1
DA:14,1
DA:15,0
DA:17,1
DA:18,0
DA:20,1
DA:24,1
DA:30,1
DA:32,1
LF:16
LH:13
BRF:0
BRH:0
end_of_record
TN:
SF:/Users/andzejmaciusovic/source/ng-validators/src/not-equal-to/validator.ts
FN:3,(anonymous_1)
FN:5,(anonymous_2)
FN:8,(anonymous_3)
FNF:3
FNH:2
FNDA:5,(anonymous_1)
FNDA:5,(anonymous_2)
FNDA:0,(anonymous_3)
DA:2,1
DA:3,1
DA:4,5
DA:5,5
DA:6,5
DA:7,5
DA:8,5
DA:9,0
DA:12,5
DA:13,5
LF:10
LH:9
BRDA:6,1,0,5
BRDA:6,1,1,0
BRDA:13,2,0,3
BRDA:13,2,1,2
BRF:4
BRH:3
end_of_record
TN:
SF:/Users/andzejmaciusovic/source/ng-validators/src/not-equal/index.ts
FN:2,__export
FNF:1
FNH:1
FNDA:2,__export
DA:2,1
DA:3,2
DA:5,1
DA:6,1
DA:7,1
LF:5
LH:5
BRDA:3,1,0,2
BRDA:3,1,1,0
BRF:2
BRH:1
end_of_record
TN:
SF:/Users/andzejmaciusovic/source/ng-validators/src/not-equal/directive.ts
FN:8,(anonymous_1)
FN:11,(anonymous_2)
FN:12,NotEqualValidator
FN:14,(anonymous_4)
FN:17,(anonymous_5)
FN:27,(anonymous_6)
FN:30,(anonymous_7)
FNF:7
FNH:1
FNDA:0,(anonymous_1)
FNDA:1,(anonymous_2)
FNDA:0,NotEqualValidator
FNDA:0,(anonymous_4)
FNDA:0,(anonymous_5)
FNDA:0,(anonymous_6)
FNDA:0,(anonymous_7)
DA:2,1
DA:3,1
DA:4,1
DA:5,1
DA:6,1
DA:8,0
DA:11,1
DA:12,1
DA:14,1
DA:15,0
DA:17,1
DA:18,0
DA:19,0
DA:20,0
DA:21,0
DA:22,0
DA:27,1
DA:28,0
DA:30,1
DA:31,0
DA:33,1
DA:37,1
DA:43,1
DA:45,1
LF:24
LH:15
BRDA:19,1,0,0
BRDA:19,1,1,0
BRDA:21,2,0,0
BRDA:21,2,1,0
BRF:4
BRH:0
end_of_record
TN:
SF:/Users/andzejmaciusovic/source/ng-validators/src/not-equal/validator.ts
FN:5,(anonymous_1)
FN:6,(anonymous_2)
FNF:2
FNH:2
FNDA:2,(anonymous_1)
FNDA:2,(anonymous_2)
DA:2,1
DA:3,1
DA:4,1
DA:5,1
DA:6,2
DA:7,2
DA:8,0
DA:10,2
DA:11,2
LF:9
LH:8
BRDA:7,1,0,0
BRDA:7,1,1,2
BRDA:11,2,0,1
BRDA:11,2,1,1
BRF:4
BRH:3
end_of_record
TN:
SF:/Users/andzejmaciusovic/source/ng-validators/src/number/index.ts
FN:2,__export
FNF:1
FNH:1
FNDA:2,__export
DA:2,1
DA:3,2
DA:5,1
DA:6,1
DA:7,1
LF:5
LH:5
BRDA:3,1,0,2
BRDA:3,1,1,0
BRF:2
BRH:1
end_of_record
TN:
SF:/Users/andzejmaciusovic/source/ng-validators/src/number/directive.ts
FN:8,(anonymous_1)
FN:11,(anonymous_2)
FN:12,NumberValidator
FN:14,(anonymous_4)
FNF:4
FNH:1
FNDA:0,(anonymous_1)
FNDA:1,(anonymous_2)
FNDA:0,NumberValidator
FNDA:0,(anonymous_4)
DA:2,1
DA:3,1
DA:4,1
DA:5,1
DA:6,1
DA:8,0
DA:11,1
DA:12,1
DA:14,1
DA:15,0
DA:17,1
DA:23,1
DA:25,1
LF:13
LH:11
BRF:0
BRH:0
end_of_record
TN:
SF:/Users/andzejmaciusovic/source/ng-validators/src/number/validator.ts
FN:5,(anonymous_1)
FNF:1
FNH:1
FNDA:4,(anonymous_1)
DA:2,1
DA:3,1
DA:4,1
DA:5,1
DA:6,4
DA:7,0
DA:9,4
DA:10,4
LF:8
LH:7
BRDA:6,1,0,0
BRDA:6,1,1,4
BRDA:10,2,0,2
BRDA:10,2,1,2
BRF:4
BRH:3
end_of_record
TN:
SF:/Users/andzejmaciusovic/source/ng-validators/src/range-length/index.ts
FN:2,__export
FNF:1
FNH:1
FNDA:2,__export
DA:2,1
DA:3,2
DA:5,1
DA:6,1
DA:7,1
LF:5
LH:5
BRDA:3,1,0,2
BRDA:3,1,1,0
BRF:2
BRH:1
end_of_record
TN:
SF:/Users/andzejmaciusovic/source/ng-validators/src/range-length/directive.ts
FN:8,(anonymous_1)
FN:11,(anonymous_2)
FN:12,RangeLengthValidator
FN:14,(anonymous_4)
FN:17,(anonymous_5)
FN:27,(anonymous_6)
FN:30,(anonymous_7)
FNF:7
FNH:1
FNDA:0,(anonymous_1)
FNDA:1,(anonymous_2)
FNDA:0,RangeLengthValidator
FNDA:0,(anonymous_4)
FNDA:0,(anonymous_5)
FNDA:0,(anonymous_6)
FNDA:0,(anonymous_7)
DA:2,1
DA:3,1
DA:4,1
DA:5,1
DA:6,1
DA:8,0
DA:11,1
DA:12,1
DA:14,1
DA:15,0
DA:17,1
DA:18,0
DA:19,0
DA:20,0
DA:21,0
DA:22,0
DA:27,1
DA:28,0
DA:30,1
DA:31,0
DA:33,1
DA:37,1
DA:43,1
DA:45,1
LF:24
LH:15
BRDA:19,1,0,0
BRDA:19,1,1,0
BRDA:21,2,0,0
BRDA:21,2,1,0
BRF:4
BRH:0
end_of_record
TN:
SF:/Users/andzejmaciusovic/source/ng-validators/src/range-length/validator.ts
FN:5,(anonymous_1)
FN:6,(anonymous_2)
FNF:2
FNH:2
FNDA:4,(anonymous_1)
FNDA:4,(anonymous_2)
DA:2,1
DA:3,1
DA:4,1
DA:5,1
DA:6,4
DA:7,4
DA:8,0
DA:10,4
DA:11,0
DA:13,4
DA:14,4
LF:11
LH:9
BRDA:7,1,0,0
BRDA:7,1,1,4
BRDA:10,2,0,0
BRDA:10,2,1,4
BRDA:14,3,0,2
BRDA:14,3,1,2
BRDA:14,4,0,4
BRDA:14,4,1,3
BRF:8
BRH:6
end_of_record
TN:
SF:/Users/andzejmaciusovic/source/ng-validators/src/range/index.ts
FN:2,__export
FNF:1
FNH:1
FNDA:2,__export
DA:2,1
DA:3,2
DA:5,1
DA:6,1
DA:7,1
LF:5
LH:5
BRDA:3,1,0,2
BRDA:3,1,1,0
BRF:2
BRH:1
end_of_record
TN:
SF:/Users/andzejmaciusovic/source/ng-validators/src/range/directive.ts
FN:8,(anonymous_1)
FN:11,(anonymous_2)
FN:12,RangeValidator
FN:14,(anonymous_4)
FN:17,(anonymous_5)
FN:27,(anonymous_6)
FN:30,(anonymous_7)
FNF:7
FNH:1
FNDA:0,(anonymous_1)
FNDA:1,(anonymous_2)
FNDA:0,RangeValidator
FNDA:0,(anonymous_4)
FNDA:0,(anonymous_5)
FNDA:0,(anonymous_6)
FNDA:0,(anonymous_7)
DA:2,1
DA:3,1
DA:4,1
DA:5,1
DA:6,1
DA:8,0
DA:11,1
DA:12,1
DA:14,1
DA:15,0
DA:17,1
DA:18,0
DA:19,0
DA:20,0
DA:21,0
DA:22,0
DA:27,1
DA:28,0
DA:30,1
DA:31,0
DA:33,1
DA:37,1
DA:43,1
DA:45,1
LF:24
LH:15
BRDA:19,1,0,0
BRDA:19,1,1,0
BRDA:21,2,0,0
BRDA:21,2,1,0
BRF:4
BRH:0
end_of_record
TN:
SF:/Users/andzejmaciusovic/source/ng-validators/src/range/validator.ts
FN:5,(anonymous_1)
FN:6,(anonymous_2)
FNF:2
FNH:2
FNDA:4,(anonymous_1)
FNDA:4,(anonymous_2)
DA:2,1
DA:3,1
DA:4,1
DA:5,1
DA:6,4
DA:7,4
DA:8,0
DA:10,4
DA:11,0
DA:13,4
DA:14,4
LF:11
LH:9
BRDA:7,1,0,0
BRDA:7,1,1,4
BRDA:10,2,0,0
BRDA:10,2,1,4
BRDA:14,3,0,2
BRDA:14,3,1,2
BRDA:14,4,0,4
BRDA:14,4,1,3
BRF:8
BRH:6
end_of_record
TN:
SF:/Users/andzejmaciusovic/source/ng-validators/src/url/index.ts
FN:2,__export
FNF:1
FNH:1
FNDA:2,__export
DA:2,1
DA:3,2
DA:5,1
DA:6,1
DA:7,1
LF:5
LH:5
BRDA:3,1,0,2
BRDA:3,1,1,0
BRF:2
BRH:1
end_of_record
TN:
SF:/Users/andzejmaciusovic/source/ng-validators/src/url/directive.ts
FN:8,(anonymous_1)
FN:11,(anonymous_2)
FN:12,UrlValidator
FN:14,(anonymous_4)
FNF:4
FNH:1
FNDA:0,(anonymous_1)
FNDA:1,(anonymous_2)
FNDA:0,UrlValidator
FNDA:0,(anonymous_4)
DA:2,1
DA:3,1
DA:4,1
DA:5,1
DA:6,1
DA:8,0
DA:11,1
DA:12,1
DA:14,1
DA:15,0
DA:17,1
DA:23,1
DA:25,1
LF:13
LH:11
BRF:0
BRH:0
end_of_record
TN:
SF:/Users/andzejmaciusovic/source/ng-validators/src/url/validator.ts
FN:5,(anonymous_1)
FNF:1
FNH:1
FNDA:3,(anonymous_1)
DA:2,1
DA:3,1
DA:4,1
DA:5,1
DA:6,3
DA:7,0
DA:9,3
DA:11,3
LF:8
LH:7
BRDA:6,1,0,0
BRDA:6,1,1,3
BRDA:11,2,0,2
BRDA:11,2,1,1
BRF:4
BRH:3
end_of_record
TN:
SF:/Users/andzejmaciusovic/source/ng-validators/src/uuid/index.ts
FN:2,__export
FNF:1
FNH:1
FNDA:2,__export
DA:2,1
DA:3,2
DA:5,1
DA:6,1
DA:7,1
LF:5
LH:5
BRDA:3,1,0,2
BRDA:3,1,1,0
BRF:2
BRH:1
end_of_record
TN:
SF:/Users/andzejmaciusovic/source/ng-validators/src/uuid/directive.ts
FN:8,(anonymous_1)
FN:11,(anonymous_2)
FN:12,UUIDValidator
FN:14,(anonymous_4)
FN:17,(anonymous_5)
FN:27,(anonymous_6)
FN:30,(anonymous_7)
FNF:7
FNH:1
FNDA:0,(anonymous_1)
FNDA:1,(anonymous_2)
FNDA:0,UUIDValidator
FNDA:0,(anonymous_4)
FNDA:0,(anonymous_5)
FNDA:0,(anonymous_6)
FNDA:0,(anonymous_7)
DA:2,1
DA:3,1
DA:4,1
DA:5,1
DA:6,1
DA:8,0
DA:11,1
DA:12,1
DA:14,1
DA:15,0
DA:17,1
DA:18,0
DA:19,0
DA:20,0
DA:21,0
DA:22,0
DA:27,1
DA:28,0
DA:30,1
DA:31,0
DA:33,1
DA:37,1
DA:43,1
DA:45,1
LF:24
LH:15
BRDA:19,1,0,0
BRDA:19,1,1,0
BRDA:21,2,0,0
BRDA:21,2,1,0
BRF:4
BRH:0
end_of_record
TN:
SF:/Users/andzejmaciusovic/source/ng-validators/src/uuid/validator.ts
FN:11,(anonymous_1)
FN:12,(anonymous_2)
FNF:2
FNH:2
FNDA:1,(anonymous_1)
FNDA:1,(anonymous_2)
DA:2,1
DA:3,1
DA:4,1
DA:5,1
DA:11,1
DA:12,1
DA:13,1
DA:14,0
DA:16,1
DA:17,1
DA:18,1
LF:11
LH:10
BRDA:13,1,0,0
BRDA:13,1,1,1
BRDA:17,2,0,1
BRDA:17,2,1,0
BRDA:18,3,0,0
BRDA:18,3,1,1
BRF:6
BRH:3
end_of_record
